<?xml version="1.0" encoding="UTF-8"?>
<testng-results ignored="0" total="2" passed="2" failed="0" skipped="0">
  <reporter-output>
  </reporter-output>
  <suite started-at="2023-02-24T13:47:54 IST" name="Suite" finished-at="2023-02-24T13:47:54 IST" duration-ms="71">
    <groups>
    </groups>
    <test started-at="2023-02-24T13:47:54 IST" name="Test" finished-at="2023-02-24T13:47:54 IST" duration-ms="71">
      <class name="TestPackage.TestClass">
        <test-method signature="testcase01()[pri:0, instance:TestPackage.TestClass@37858383]" started-at="2023-02-24T13:47:54 IST" name="testcase01" finished-at="2023-02-24T13:47:54 IST" duration-ms="14" status="PASS">
          <reporter-output>
          </reporter-output>
        </test-method> <!-- testcase01 -->
        <test-method signature="testcase02()[pri:0, instance:TestPackage.TestClass@37858383]" started-at="2023-02-24T13:47:54 IST" name="testcase02" finished-at="2023-02-24T13:47:54 IST" duration-ms="1" status="PASS">
          <reporter-output>
          </reporter-output>
        </test-method> <!-- testcase02 -->
      </class> <!-- TestPackage.TestClass -->
    </test> <!-- Test -->
  </suite> <!-- Suite -->
</testng-results>
